Traceback (most recent call last):
  File "/opt/hostedtoolcache/Python/3.9.23/x64/lib/python3.9/site-packages/jupyter_core/utils/__init__.py", line 154, in wrapped
    asyncio.get_running_loop()
RuntimeError: no running event loop

During handling of the above exception, another exception occurred:

Traceback (most recent call last):
  File "/opt/hostedtoolcache/Python/3.9.23/x64/lib/python3.9/site-packages/jupyter_cache/executors/utils.py", line 58, in single_nb_execution
    executenb(
  File "/opt/hostedtoolcache/Python/3.9.23/x64/lib/python3.9/site-packages/nbclient/client.py", line 1319, in execute
    return NotebookClient(nb=nb, resources=resources, km=km, **kwargs).execute()
  File "/opt/hostedtoolcache/Python/3.9.23/x64/lib/python3.9/site-packages/jupyter_core/utils/__init__.py", line 158, in wrapped
    return loop.run_until_complete(inner)
  File "/opt/hostedtoolcache/Python/3.9.23/x64/lib/python3.9/asyncio/base_events.py", line 647, in run_until_complete
    return future.result()
  File "/opt/hostedtoolcache/Python/3.9.23/x64/lib/python3.9/site-packages/nbclient/client.py", line 709, in async_execute
    await self.async_execute_cell(
  File "/opt/hostedtoolcache/Python/3.9.23/x64/lib/python3.9/site-packages/nbclient/client.py", line 1062, in async_execute_cell
    await self._check_raise_for_error(cell, cell_index, exec_reply)
  File "/opt/hostedtoolcache/Python/3.9.23/x64/lib/python3.9/site-packages/nbclient/client.py", line 918, in _check_raise_for_error
    raise CellExecutionError.from_cell_and_msg(cell, exec_reply_content)
nbclient.exceptions.CellExecutionError: An error occurred while executing the following cell:
------------------
names = list(Path("K-P/K-P-known-dft").glob("*.res")) + list(Path("K-P/K-P-airss-dft").glob("*.res"))
df_dft, hull = load_matador_dataset(names)
hull.plot_hull()
------------------


[0;31m---------------------------------------------------------------------------[0m
[0;31mModuleNotFoundError[0m                       Traceback (most recent call last)
Cell [0;32mIn[3], line 2[0m
[1;32m      1[0m names [38;5;241m=[39m [38;5;28mlist[39m(Path([38;5;124m"[39m[38;5;124mK-P/K-P-known-dft[39m[38;5;124m"[39m)[38;5;241m.[39mglob([38;5;124m"[39m[38;5;124m*.res[39m[38;5;124m"[39m)) [38;5;241m+[39m [38;5;28mlist[39m(Path([38;5;124m"[39m[38;5;124mK-P/K-P-airss-dft[39m[38;5;124m"[39m)[38;5;241m.[39mglob([38;5;124m"[39m[38;5;124m*.res[39m[38;5;124m"[39m))
[0;32m----> 2[0m df_dft, hull [38;5;241m=[39m [43mload_matador_dataset[49m[43m([49m[43mnames[49m[43m)[49m
[1;32m      3[0m hull[38;5;241m.[39mplot_hull()

Cell [0;32mIn[2], line 3[0m, in [0;36mload_matador_dataset[0;34m(names)[0m
[1;32m      1[0m [38;5;28;01mdef[39;00m[38;5;250m [39m[38;5;21mload_matador_dataset[39m(names):
[1;32m      2[0m [38;5;250m    [39m[38;5;124;03m"""Load dataset"""[39;00m
[0;32m----> 3[0m     [38;5;28;01mfrom[39;00m[38;5;250m [39m[38;5;21;01mmatador[39;00m[38;5;21;01m.[39;00m[38;5;21;01mhull[39;00m[38;5;250m [39m[38;5;28;01mimport[39;00m QueryConvexHull
[1;32m      4[0m     cells, warnings [38;5;241m=[39m res2dict([[38;5;28mstr[39m(n) [38;5;28;01mfor[39;00m n [38;5;129;01min[39;00m names], as_model[38;5;241m=[39m[38;5;28;01mTrue[39;00m, db[38;5;241m=[39m[38;5;28;01mTrue[39;00m)
[1;32m      6[0m     dataset [38;5;241m=[39m []

File [0;32m/opt/hostedtoolcache/Python/3.9.23/x64/lib/python3.9/site-packages/matador/hull/__init__.py:23[0m
[1;32m     19[0m __author__ [38;5;241m=[39m [38;5;124m"[39m[38;5;124mMatthew Evans[39m[38;5;124m"[39m
[1;32m     20[0m __maintainer__ [38;5;241m=[39m [38;5;124m"[39m[38;5;124mMatthew Evans[39m[38;5;124m"[39m
[0;32m---> 23[0m [38;5;28;01mfrom[39;00m[38;5;250m [39m[38;5;21;01m.[39;00m[38;5;21;01mhull[39;00m[38;5;250m [39m[38;5;28;01mimport[39;00m QueryConvexHull
[1;32m     24[0m [38;5;28;01mfrom[39;00m[38;5;250m [39m[38;5;21;01m.[39;00m[38;5;21;01mphase_diagram[39;00m[38;5;250m [39m[38;5;28;01mimport[39;00m PhaseDiagram
[1;32m     25[0m [38;5;28;01mfrom[39;00m[38;5;250m [39m[38;5;21;01m.[39;00m[38;5;21;01mhull_ensemble[39;00m[38;5;250m [39m[38;5;28;01mimport[39;00m EnsembleHull

File [0;32m/opt/hostedtoolcache/Python/3.9.23/x64/lib/python3.9/site-packages/matador/hull/hull.py:16[0m
[1;32m     13[0m [38;5;28;01mimport[39;00m[38;5;250m [39m[38;5;21;01mre[39;00m
[1;32m     14[0m [38;5;28;01mimport[39;00m[38;5;250m [39m[38;5;21;01mwarnings[39;00m
[0;32m---> 16[0m [38;5;28;01mfrom[39;00m[38;5;250m [39m[38;5;21;01mbson[39;00m[38;5;21;01m.[39;00m[38;5;21;01mson[39;00m[38;5;250m [39m[38;5;28;01mimport[39;00m SON
[1;32m     17[0m [38;5;28;01mimport[39;00m[38;5;250m [39m[38;5;21;01mpymongo[39;00m[38;5;250m [39m[38;5;28;01mas[39;00m[38;5;250m [39m[38;5;21;01mpm[39;00m
[1;32m     18[0m [38;5;28;01mimport[39;00m[38;5;250m [39m[38;5;21;01mnumpy[39;00m[38;5;250m [39m[38;5;28;01mas[39;00m[38;5;250m [39m[38;5;21;01mnp[39;00m

[0;31mModuleNotFoundError[0m: No module named 'bson'

